Started GET "/" for ::1 at 2022-08-01 12:48:12 +0530
  [1m[35m (2.0ms)[0m  [1m[34mSELECT sqlite_version(*)[0m
Processing by Rails::WelcomeController#index as HTML
  Rendering /home/punithrjgs/.rvm/gems/ruby-3.1.2/gems/railties-7.0.3.1/lib/rails/templates/rails/welcome/index.html.erb
  Rendered /home/punithrjgs/.rvm/gems/ruby-3.1.2/gems/railties-7.0.3.1/lib/rails/templates/rails/welcome/index.html.erb (Duration: 3.7ms | Allocations: 654)
Completed 200 OK in 30ms (Views: 13.4ms | ActiveRecord: 0.0ms | Allocations: 5126)


Started GET "/pages" for ::1 at 2022-08-01 12:48:37 +0530
  
ActionController::RoutingError (No route matches [GET] "/pages"):
  
Started GET "/pages/about" for ::1 at 2022-08-01 12:48:52 +0530
Processing by PagesController#about as HTML
  Rendering layout layouts/application.html.erb
  Rendering pages/about.html.erb within layouts/application
  Rendered pages/about.html.erb within layouts/application (Duration: 0.9ms | Allocations: 148)
  Rendered layout layouts/application.html.erb (Duration: 316.6ms | Allocations: 91175)
Completed 200 OK in 320ms (Views: 318.4ms | ActiveRecord: 0.0ms | Allocations: 92186)


Started GET "/pages/home" for ::1 at 2022-08-01 12:48:55 +0530
Processing by PagesController#home as HTML
  Rendering layout layouts/application.html.erb
  Rendering pages/home.html.erb within layouts/application
  Rendered pages/home.html.erb within layouts/application (Duration: 0.8ms | Allocations: 128)
  Rendered layout layouts/application.html.erb (Duration: 6.0ms | Allocations: 2538)
Completed 200 OK in 8ms (Views: 7.1ms | ActiveRecord: 0.0ms | Allocations: 2883)


Started GET "/" for ::1 at 2022-08-01 14:55:10 +0530
  [1m[35m (0.5ms)[0m  [1m[34mSELECT sqlite_version(*)[0m
Processing by Rails::WelcomeController#index as HTML
  Rendering /home/punithrjgs/.rvm/gems/ruby-3.1.2/gems/railties-7.0.3.1/lib/rails/templates/rails/welcome/index.html.erb
  Rendered /home/punithrjgs/.rvm/gems/ruby-3.1.2/gems/railties-7.0.3.1/lib/rails/templates/rails/welcome/index.html.erb (Duration: 1.5ms | Allocations: 546)
Completed 200 OK in 9ms (Views: 4.8ms | ActiveRecord: 0.0ms | Allocations: 3787)


Started GET "/" for ::1 at 2022-08-01 14:55:51 +0530
Processing by PagesController#home as HTML
  Rendering layout layouts/application.html.erb
  Rendering pages/home.html.erb within layouts/application
  Rendered pages/home.html.erb within layouts/application (Duration: 0.3ms | Allocations: 152)
  Rendered layout layouts/application.html.erb (Duration: 67.7ms | Allocations: 34970)
Completed 200 OK in 70ms (Views: 69.1ms | Allocations: 36009)


Started GET "/" for ::1 at 2022-08-01 14:57:13 +0530
  
SyntaxError (/home/punithrjgs/punith/ROR/rails7YT/blog_demo/config/routes.rb:5: syntax error, unexpected local variable or method, expecting `end'
  get 'about' to: 'pages/about'
              ^~
):
  
config/routes.rb:5: syntax error, unexpected local variable or method, expecting `end'
config/routes.rb:5: syntax error, unexpected local variable or method, expecting `end'
config/routes.rb:5: syntax error, unexpected local variable or method, expecting `end'
Started GET "/" for ::1 at 2022-08-01 14:58:02 +0530
  
SyntaxError (/home/punithrjgs/punith/ROR/rails7YT/blog_demo/config/routes.rb:5: syntax error, unexpected local variable or method, expecting `end'
  get 'about' to: 'pages#about'
              ^~
):
  
config/routes.rb:5: syntax error, unexpected local variable or method, expecting `end'
config/routes.rb:5: syntax error, unexpected local variable or method, expecting `end'
config/routes.rb:5: syntax error, unexpected local variable or method, expecting `end'
Started GET "/" for ::1 at 2022-08-01 14:58:06 +0530
Processing by PagesController#home as HTML
  Rendering layout layouts/application.html.erb
  Rendering pages/home.html.erb within layouts/application
  Rendered pages/home.html.erb within layouts/application (Duration: 0.6ms | Allocations: 1119)
  Rendered layout layouts/application.html.erb (Duration: 0.8ms | Allocations: 1215)
Completed 500 Internal Server Error in 2ms (Allocations: 2122)


  
ActionView::SyntaxErrorInTemplate (Encountered a syntax error while rendering template: check <h1>Pages#home</h1>
<p>Find me in app/views/pages/home.html.erb</p>

<%= link_to "About Me" about_path %>
):
1:    <h1>Pages#home</h1>
2:    <p>Find me in app/views/pages/home.html.erb</p>
3:    
4:    <%= link_to "About Me" about_path %>
  
app/views/pages/home.html.erb:4: syntax error, unexpected local variable or method, expecting ')'
app/views/pages/home.html.erb:4: syntax error, unexpected local variable or method, expecting ')'
app/views/pages/home.html.erb:4: syntax error, unexpected local variable or method, expecting ')'
app/views/pages/home.html.erb:4: syntax error, unexpected local variable or method, expecting ')'
app/views/pages/home.html.erb:4: syntax error, unexpected local variable or method, expecting ')'
app/views/pages/home.html.erb:4: syntax error, unexpected local variable or method, expecting ')'
Started GET "/" for ::1 at 2022-08-01 14:59:40 +0530
Processing by PagesController#home as HTML
  Rendering layout layouts/application.html.erb
  Rendering pages/home.html.erb within layouts/application
  Rendered pages/home.html.erb within layouts/application (Duration: 4.2ms | Allocations: 296)
  Rendered layout layouts/application.html.erb (Duration: 36.6ms | Allocations: 14682)
Completed 200 OK in 41ms (Views: 39.3ms | Allocations: 15648)


Started GET "/about" for ::1 at 2022-08-01 14:59:46 +0530
Processing by PagesController#about as HTML
  Rendering layout layouts/application.html.erb
  Rendering pages/about.html.erb within layouts/application
  Rendered pages/about.html.erb within layouts/application (Duration: 1.8ms | Allocations: 252)
  Rendered layout layouts/application.html.erb (Duration: 10.1ms | Allocations: 3042)
Completed 200 OK in 15ms (Views: 13.6ms | Allocations: 3886)


Started GET "/" for ::1 at 2022-08-01 14:59:48 +0530
Processing by PagesController#home as HTML
  Rendering layout layouts/application.html.erb
  Rendering pages/home.html.erb within layouts/application
  Rendered pages/home.html.erb within layouts/application (Duration: 0.5ms | Allocations: 175)
  Rendered layout layouts/application.html.erb (Duration: 3.0ms | Allocations: 2538)
Completed 200 OK in 4ms (Views: 3.4ms | Allocations: 2875)


Started GET "/about" for ::1 at 2022-08-01 14:59:49 +0530
Processing by PagesController#about as HTML
  Rendering layout layouts/application.html.erb
  Rendering pages/about.html.erb within layouts/application
  Rendered pages/about.html.erb within layouts/application (Duration: 0.6ms | Allocations: 52)
  Rendered layout layouts/application.html.erb (Duration: 5.5ms | Allocations: 2400)
Completed 200 OK in 8ms (Views: 6.5ms | Allocations: 2666)


Started GET "/" for ::1 at 2022-08-01 14:59:49 +0530
Processing by PagesController#home as HTML
  Rendering layout layouts/application.html.erb
  Rendering pages/home.html.erb within layouts/application
  Rendered pages/home.html.erb within layouts/application (Duration: 0.2ms | Allocations: 55)
  Rendered layout layouts/application.html.erb (Duration: 5.8ms | Allocations: 2404)
Completed 200 OK in 7ms (Views: 6.8ms | Allocations: 2676)


Started GET "/about" for ::1 at 2022-08-01 15:10:35 +0530
  [1m[35m (0.9ms)[0m  [1m[34mSELECT sqlite_version(*)[0m
Processing by PagesController#about as HTML
  Rendering layout layouts/application.html.erb
  Rendering pages/about.html.erb within layouts/application
  Rendered pages/about.html.erb within layouts/application (Duration: 1.9ms | Allocations: 536)
  Rendered layout layouts/application.html.erb (Duration: 136.5ms | Allocations: 36031)
Completed 200 OK in 156ms (Views: 141.9ms | ActiveRecord: 0.0ms | Allocations: 39427)


Started GET "/" for ::1 at 2022-08-01 15:10:40 +0530
Processing by PagesController#home as HTML
  Rendering layout layouts/application.html.erb
  Rendering pages/home.html.erb within layouts/application
  Rendered pages/home.html.erb within layouts/application (Duration: 2.0ms | Allocations: 232)
  Rendered layout layouts/application.html.erb (Duration: 7.7ms | Allocations: 2693)
Completed 200 OK in 10ms (Views: 8.6ms | ActiveRecord: 0.0ms | Allocations: 3104)


Started GET "/about" for ::1 at 2022-08-01 15:10:41 +0530
Processing by PagesController#about as HTML
  Rendering layout layouts/application.html.erb
  Rendering pages/about.html.erb within layouts/application
  Rendered pages/about.html.erb within layouts/application (Duration: 0.4ms | Allocations: 52)
  Rendered layout layouts/application.html.erb (Duration: 3.1ms | Allocations: 2419)
Completed 200 OK in 4ms (Views: 3.6ms | ActiveRecord: 0.0ms | Allocations: 2692)


Started GET "/" for ::1 at 2022-08-01 15:10:42 +0530
Processing by PagesController#home as HTML
  Rendering layout layouts/application.html.erb
  Rendering pages/home.html.erb within layouts/application
  Rendered pages/home.html.erb within layouts/application (Duration: 0.4ms | Allocations: 55)
  Rendered layout layouts/application.html.erb (Duration: 4.4ms | Allocations: 2430)
Completed 200 OK in 6ms (Views: 5.4ms | ActiveRecord: 0.0ms | Allocations: 2699)


Started GET "/about" for ::1 at 2022-08-01 15:10:43 +0530
Processing by PagesController#about as HTML
  Rendering layout layouts/application.html.erb
  Rendering pages/about.html.erb within layouts/application
  Rendered pages/about.html.erb within layouts/application (Duration: 0.6ms | Allocations: 52)
  Rendered layout layouts/application.html.erb (Duration: 5.3ms | Allocations: 2413)
Completed 200 OK in 6ms (Views: 6.0ms | ActiveRecord: 0.0ms | Allocations: 2686)


Started GET "/" for ::1 at 2022-08-01 15:10:43 +0530
Processing by PagesController#home as HTML
  Rendering layout layouts/application.html.erb
  Rendering pages/home.html.erb within layouts/application
  Rendered pages/home.html.erb within layouts/application (Duration: 0.3ms | Allocations: 55)
  Rendered layout layouts/application.html.erb (Duration: 5.1ms | Allocations: 2431)
Completed 200 OK in 6ms (Views: 5.7ms | ActiveRecord: 0.0ms | Allocations: 2704)


Started GET "/" for ::1 at 2022-08-01 16:26:21 +0530
  [1m[35m (0.7ms)[0m  [1m[34mSELECT sqlite_version(*)[0m
Processing by PagesController#home as HTML
  Rendering layout layouts/application.html.erb
  Rendering pages/home.html.erb within layouts/application
  Rendered pages/home.html.erb within layouts/application (Duration: 1.8ms | Allocations: 540)
  Rendered layout layouts/application.html.erb (Duration: 120.2ms | Allocations: 35766)
Completed 200 OK in 133ms (Views: 122.4ms | ActiveRecord: 0.0ms | Allocations: 39162)


Started GET "/" for ::1 at 2022-08-01 16:28:26 +0530
Processing by PagesController#home as HTML
  Rendering layout layouts/application.html.erb
  Rendering pages/home.html.erb within layouts/application
  Rendered pages/home.html.erb within layouts/application (Duration: 0.8ms | Allocations: 252)
  Rendered layout layouts/application.html.erb (Duration: 7.0ms | Allocations: 3089)
Completed 200 OK in 9ms (Views: 8.5ms | ActiveRecord: 0.0ms | Allocations: 3984)


Started GET "/" for ::1 at 2022-08-01 16:28:27 +0530
Processing by PagesController#home as HTML
  Rendering layout layouts/application.html.erb
  Rendering pages/home.html.erb within layouts/application
  Rendered pages/home.html.erb within layouts/application (Duration: 0.2ms | Allocations: 55)
  Rendered layout layouts/application.html.erb (Duration: 4.0ms | Allocations: 2428)
Completed 200 OK in 5ms (Views: 4.6ms | ActiveRecord: 0.0ms | Allocations: 2720)


Started GET "/" for ::1 at 2022-08-01 16:28:32 +0530
Processing by PagesController#home as HTML
  Rendering layout layouts/application.html.erb
  Rendering pages/home.html.erb within layouts/application
  Rendered pages/home.html.erb within layouts/application (Duration: 1.5ms | Allocations: 255)
  Rendered layout layouts/application.html.erb (Duration: 7.0ms | Allocations: 3073)
Completed 200 OK in 11ms (Views: 9.5ms | ActiveRecord: 0.0ms | Allocations: 3905)


Started GET "/" for ::1 at 2022-08-01 16:28:33 +0530
Processing by PagesController#home as HTML
  Rendering layout layouts/application.html.erb
  Rendering pages/home.html.erb within layouts/application
  Rendered pages/home.html.erb within layouts/application (Duration: 0.4ms | Allocations: 55)
  Rendered layout layouts/application.html.erb (Duration: 5.6ms | Allocations: 2404)
Completed 200 OK in 7ms (Views: 6.3ms | ActiveRecord: 0.0ms | Allocations: 2695)


Started GET "/" for ::1 at 2022-08-01 16:28:33 +0530
Processing by PagesController#home as HTML
  Rendering layout layouts/application.html.erb
  Rendering pages/home.html.erb within layouts/application
  Rendered pages/home.html.erb within layouts/application (Duration: 0.4ms | Allocations: 55)
  Rendered layout layouts/application.html.erb (Duration: 6.6ms | Allocations: 2410)
Completed 200 OK in 9ms (Views: 7.6ms | ActiveRecord: 0.0ms | Allocations: 2680)


Started GET "/" for ::1 at 2022-08-01 16:28:37 +0530
Processing by PagesController#home as HTML
  Rendering layout layouts/application.html.erb
  Rendering pages/home.html.erb within layouts/application
  Rendered pages/home.html.erb within layouts/application (Duration: 1.8ms | Allocations: 253)
  Rendered layout layouts/application.html.erb (Duration: 5.8ms | Allocations: 3061)
Completed 200 OK in 10ms (Views: 8.5ms | ActiveRecord: 0.0ms | Allocations: 3893)


Started GET "/" for ::1 at 2022-08-01 16:28:37 +0530
Processing by PagesController#home as HTML
  Rendering layout layouts/application.html.erb
  Rendering pages/home.html.erb within layouts/application
  Rendered pages/home.html.erb within layouts/application (Duration: 0.1ms | Allocations: 55)
  Rendered layout layouts/application.html.erb (Duration: 3.9ms | Allocations: 2412)
Completed 200 OK in 5ms (Views: 4.6ms | ActiveRecord: 0.0ms | Allocations: 2697)


Started GET "/" for ::1 at 2022-08-01 16:28:38 +0530
Processing by PagesController#home as HTML
  Rendering layout layouts/application.html.erb
  Rendering pages/home.html.erb within layouts/application
  Rendered pages/home.html.erb within layouts/application (Duration: 0.4ms | Allocations: 55)
  Rendered layout layouts/application.html.erb (Duration: 6.7ms | Allocations: 2418)
Completed 200 OK in 8ms (Views: 7.5ms | ActiveRecord: 0.0ms | Allocations: 2684)


Started GET "/" for ::1 at 2022-08-01 16:28:39 +0530
Processing by PagesController#home as HTML
  Rendering layout layouts/application.html.erb
  Rendering pages/home.html.erb within layouts/application
  Rendered pages/home.html.erb within layouts/application (Duration: 0.2ms | Allocations: 55)
  Rendered layout layouts/application.html.erb (Duration: 2.8ms | Allocations: 2412)
Completed 200 OK in 4ms (Views: 3.4ms | ActiveRecord: 0.0ms | Allocations: 2678)


Started GET "/" for ::1 at 2022-08-01 16:28:44 +0530
Processing by PagesController#home as HTML
  Rendering layout layouts/application.html.erb
  Rendering pages/home.html.erb within layouts/application
  Rendered pages/home.html.erb within layouts/application (Duration: 0.5ms | Allocations: 55)
  Rendered layout layouts/application.html.erb (Duration: 8.4ms | Allocations: 2412)
Completed 200 OK in 11ms (Views: 9.8ms | ActiveRecord: 0.0ms | Allocations: 2678)


Started GET "/" for ::1 at 2022-08-01 16:28:48 +0530
Processing by PagesController#home as HTML
  Rendering layout layouts/application.html.erb
  Rendering pages/home.html.erb within layouts/application
  Rendered pages/home.html.erb within layouts/application (Duration: 1.1ms | Allocations: 252)
  Rendered layout layouts/application.html.erb (Duration: 6.2ms | Allocations: 3047)
Completed 200 OK in 10ms (Views: 8.7ms | ActiveRecord: 0.0ms | Allocations: 3884)


Started GET "/" for ::1 at 2022-08-01 16:30:18 +0530
Processing by PagesController#home as HTML
  Rendering layout layouts/application.html.erb
  Rendering pages/home.html.erb within layouts/application
  Rendered pages/home.html.erb within layouts/application (Duration: 1.4ms | Allocations: 252)
  Rendered layout layouts/application.html.erb (Duration: 8.3ms | Allocations: 3047)
Completed 200 OK in 13ms (Views: 11.1ms | ActiveRecord: 0.0ms | Allocations: 3898)


Started GET "/" for ::1 at 2022-08-01 16:30:19 +0530
Processing by PagesController#home as HTML
  Rendering layout layouts/application.html.erb
  Rendering pages/home.html.erb within layouts/application
  Rendered pages/home.html.erb within layouts/application (Duration: 0.3ms | Allocations: 55)
  Rendered layout layouts/application.html.erb (Duration: 3.5ms | Allocations: 2403)
Completed 200 OK in 5ms (Views: 4.4ms | ActiveRecord: 0.0ms | Allocations: 2688)


Started GET "/about" for ::1 at 2022-08-01 16:30:34 +0530
Processing by PagesController#about as HTML
  Rendering layout layouts/application.html.erb
  Rendering pages/about.html.erb within layouts/application
  Rendered pages/about.html.erb within layouts/application (Duration: 0.8ms | Allocations: 259)
  Rendered layout layouts/application.html.erb (Duration: 5.0ms | Allocations: 3066)
Completed 200 OK in 8ms (Views: 6.6ms | ActiveRecord: 0.0ms | Allocations: 3899)


Started GET "/about" for ::1 at 2022-08-01 16:43:31 +0530
Processing by PagesController#about as HTML
  Rendering layout layouts/application.html.erb
  Rendering pages/about.html.erb within layouts/application
  Rendered pages/about.html.erb within layouts/application (Duration: 1.0ms | Allocations: 265)
  Rendered layouts/_navbar.html.erb (Duration: 0.6ms | Allocations: 152)
  Rendered layout layouts/application.html.erb (Duration: 12.5ms | Allocations: 14870)
Completed 200 OK in 17ms (Views: 14.9ms | Allocations: 15834)


Started GET "/about" for ::1 at 2022-08-01 16:43:34 +0530
Processing by PagesController#about as HTML
  Rendering layout layouts/application.html.erb
  Rendering pages/about.html.erb within layouts/application
  Rendered pages/about.html.erb within layouts/application (Duration: 0.3ms | Allocations: 52)
  Rendered layouts/_navbar.html.erb (Duration: 0.0ms | Allocations: 16)
  Rendered layout layouts/application.html.erb (Duration: 3.2ms | Allocations: 2504)
Completed 200 OK in 5ms (Views: 4.1ms | Allocations: 2784)


Started GET "/about" for ::1 at 2022-08-01 16:46:13 +0530
Processing by PagesController#about as HTML
  Rendering layout layouts/application.html.erb
  Rendering pages/about.html.erb within layouts/application
  Rendered pages/about.html.erb within layouts/application (Duration: 0.6ms | Allocations: 258)
  Rendered layouts/_navbar.html.erb (Duration: 0.5ms | Allocations: 214)
  Rendered layout layouts/application.html.erb (Duration: 9.5ms | Allocations: 3429)
Completed 200 OK in 12ms (Views: 10.7ms | Allocations: 4251)


Started GET "/" for ::1 at 2022-08-01 16:46:16 +0530
Processing by PagesController#home as HTML
  Rendering layout layouts/application.html.erb
  Rendering pages/home.html.erb within layouts/application
  Rendered pages/home.html.erb within layouts/application (Duration: 0.6ms | Allocations: 175)
  Rendered layouts/_navbar.html.erb (Duration: 0.1ms | Allocations: 52)
  Rendered layout layouts/application.html.erb (Duration: 3.5ms | Allocations: 2672)
Completed 200 OK in 5ms (Views: 4.2ms | Allocations: 3009)


Started GET "/about" for ::1 at 2022-08-01 16:47:46 +0530
Processing by PagesController#about as HTML
  Rendering layout layouts/application.html.erb
  Rendering pages/about.html.erb within layouts/application
  Rendered pages/about.html.erb within layouts/application (Duration: 0.7ms | Allocations: 257)
  Rendered layouts/_navbar.html.erb (Duration: 0.6ms | Allocations: 207)
  Rendered layout layouts/application.html.erb (Duration: 12.6ms | Allocations: 3444)
Completed 200 OK in 16ms (Views: 14.9ms | Allocations: 4267)


Started GET "/about" for ::1 at 2022-08-01 16:47:52 +0530
Processing by PagesController#about as HTML
  Rendering layout layouts/application.html.erb
  Rendering pages/about.html.erb within layouts/application
  Rendered pages/about.html.erb within layouts/application (Duration: 1.1ms | Allocations: 257)
  Rendered layouts/_navbar.html.erb (Duration: 0.8ms | Allocations: 208)
  Rendered layout layouts/application.html.erb (Duration: 8.6ms | Allocations: 3425)
Completed 200 OK in 12ms (Views: 10.9ms | Allocations: 4265)


Started GET "/about" for ::1 at 2022-08-01 16:47:53 +0530
Processing by PagesController#about as HTML
  Rendering layout layouts/application.html.erb
  Rendering pages/about.html.erb within layouts/application
  Rendered pages/about.html.erb within layouts/application (Duration: 0.6ms | Allocations: 52)
  Rendered layouts/_navbar.html.erb (Duration: 0.2ms | Allocations: 52)
  Rendered layout layouts/application.html.erb (Duration: 5.4ms | Allocations: 2523)
Completed 200 OK in 7ms (Views: 6.0ms | Allocations: 2804)


Started GET "/about" for ::1 at 2022-08-01 16:47:57 +0530
Processing by PagesController#about as HTML
  Rendering layout layouts/application.html.erb
  Rendering pages/about.html.erb within layouts/application
  Rendered pages/about.html.erb within layouts/application (Duration: 1.0ms | Allocations: 257)
  Rendered layouts/_navbar.html.erb (Duration: 0.8ms | Allocations: 203)
  Rendered layout layouts/application.html.erb (Duration: 9.6ms | Allocations: 3421)
Completed 200 OK in 13ms (Views: 12.0ms | Allocations: 4247)


Started GET "/about" for ::1 at 2022-08-01 16:48:00 +0530
Processing by PagesController#about as HTML
  Rendering layout layouts/application.html.erb
  Rendering pages/about.html.erb within layouts/application
  Rendered pages/about.html.erb within layouts/application (Duration: 1.2ms | Allocations: 257)
  Rendered layouts/_navbar.html.erb (Duration: 0.7ms | Allocations: 207)
  Rendered layout layouts/application.html.erb (Duration: 9.4ms | Allocations: 3418)
Completed 200 OK in 14ms (Views: 12.4ms | Allocations: 4262)


Started GET "/about" for ::1 at 2022-08-01 16:48:03 +0530
Processing by PagesController#about as HTML
  Rendering layout layouts/application.html.erb
  Rendering pages/about.html.erb within layouts/application
  Rendered pages/about.html.erb within layouts/application (Duration: 1.7ms | Allocations: 257)
  Rendered layouts/_navbar.html.erb (Duration: 0.5ms | Allocations: 203)
  Rendered layout layouts/application.html.erb (Duration: 7.8ms | Allocations: 3404)
Completed 200 OK in 13ms (Views: 11.0ms | Allocations: 4244)


Started GET "/about" for ::1 at 2022-08-01 16:50:54 +0530
  [1m[35m (0.4ms)[0m  [1m[34mSELECT sqlite_version(*)[0m
Processing by PagesController#about as HTML
  Rendering layout layouts/application.html.erb
  Rendering pages/about.html.erb within layouts/application
  Rendered pages/about.html.erb within layouts/application (Duration: 1.3ms | Allocations: 545)
  Rendered layouts/_navbar.html.erb (Duration: 0.4ms | Allocations: 338)
  Rendered layout layouts/application.html.erb (Duration: 99.6ms | Allocations: 36646)
Completed 200 OK in 113ms (Views: 102.3ms | ActiveRecord: 0.0ms | Allocations: 40037)


Started GET "/about" for ::1 at 2022-08-01 16:51:00 +0530
Processing by PagesController#about as HTML
  Rendering layout layouts/application.html.erb
  Rendering pages/about.html.erb within layouts/application
  Rendered pages/about.html.erb within layouts/application (Duration: 0.3ms | Allocations: 82)
  Rendered layouts/_navbar.html.erb (Duration: 0.1ms | Allocations: 127)
  Rendered layout layouts/application.html.erb (Duration: 5.8ms | Allocations: 2807)
Completed 200 OK in 7ms (Views: 6.4ms | ActiveRecord: 0.0ms | Allocations: 3139)


Started GET "/about" for ::1 at 2022-08-01 16:51:01 +0530
Processing by PagesController#about as HTML
  Rendering layout layouts/application.html.erb
  Rendering pages/about.html.erb within layouts/application
  Rendered pages/about.html.erb within layouts/application (Duration: 0.2ms | Allocations: 52)
  Rendered layouts/_navbar.html.erb (Duration: 0.1ms | Allocations: 126)
  Rendered layout layouts/application.html.erb (Duration: 3.3ms | Allocations: 2612)
Completed 200 OK in 4ms (Views: 3.7ms | ActiveRecord: 0.0ms | Allocations: 2882)


Started GET "/about" for ::1 at 2022-08-01 16:51:01 +0530
Processing by PagesController#about as HTML
  Rendering layout layouts/application.html.erb
  Rendering pages/about.html.erb within layouts/application
  Rendered pages/about.html.erb within layouts/application (Duration: 0.2ms | Allocations: 52)
  Rendered layouts/_navbar.html.erb (Duration: 0.6ms | Allocations: 126)
  Rendered layout layouts/application.html.erb (Duration: 4.3ms | Allocations: 2606)
Completed 200 OK in 5ms (Views: 4.9ms | ActiveRecord: 0.0ms | Allocations: 2876)


Started GET "/about" for ::1 at 2022-08-01 16:52:00 +0530
Processing by PagesController#about as HTML
  Rendering layout layouts/application.html.erb
  Rendering pages/about.html.erb within layouts/application
  Rendered pages/about.html.erb within layouts/application (Duration: 1.1ms | Allocations: 258)
  Rendered layouts/_navbar.html.erb (Duration: 0.6ms | Allocations: 324)
  Rendered layout layouts/application.html.erb (Duration: 6.3ms | Allocations: 3518)
Completed 200 OK in 10ms (Views: 8.6ms | ActiveRecord: 0.0ms | Allocations: 4375)


Started GET "/about" for ::1 at 2022-08-01 16:52:01 +0530
Processing by PagesController#about as HTML
  Rendering layout layouts/application.html.erb
  Rendering pages/about.html.erb within layouts/application
  Rendered pages/about.html.erb within layouts/application (Duration: 0.7ms | Allocations: 52)
  Rendered layouts/_navbar.html.erb (Duration: 0.3ms | Allocations: 126)
  Rendered layout layouts/application.html.erb (Duration: 7.9ms | Allocations: 2620)
Completed 200 OK in 10ms (Views: 9.4ms | ActiveRecord: 0.0ms | Allocations: 2905)


Started GET "/about" for ::1 at 2022-08-01 16:52:01 +0530
Processing by PagesController#about as HTML
  Rendering layout layouts/application.html.erb
  Rendering pages/about.html.erb within layouts/application
  Rendered pages/about.html.erb within layouts/application (Duration: 0.3ms | Allocations: 52)
  Rendered layouts/_navbar.html.erb (Duration: 0.5ms | Allocations: 126)
  Rendered layout layouts/application.html.erb (Duration: 7.5ms | Allocations: 2596)
Completed 200 OK in 9ms (Views: 8.3ms | ActiveRecord: 0.0ms | Allocations: 2862)


Started GET "/about" for ::1 at 2022-08-01 16:52:20 +0530
Processing by PagesController#about as HTML
  Rendering layout layouts/application.html.erb
  Rendering pages/about.html.erb within layouts/application
  Rendered pages/about.html.erb within layouts/application (Duration: 1.0ms | Allocations: 257)
  Rendered layouts/_navbar.html.erb (Duration: 0.7ms | Allocations: 259)
  Rendered layout layouts/application.html.erb (Duration: 7.0ms | Allocations: 3461)
Completed 200 OK in 11ms (Views: 9.2ms | ActiveRecord: 0.0ms | Allocations: 4296)


Started GET "/about" for ::1 at 2022-08-01 16:52:21 +0530
Processing by PagesController#about as HTML
  Rendering layout layouts/application.html.erb
  Rendering pages/about.html.erb within layouts/application
  Rendered pages/about.html.erb within layouts/application (Duration: 0.3ms | Allocations: 52)
  Rendered layouts/_navbar.html.erb (Duration: 0.4ms | Allocations: 88)
  Rendered layout layouts/application.html.erb (Duration: 8.2ms | Allocations: 2564)
Completed 200 OK in 10ms (Views: 9.0ms | ActiveRecord: 0.0ms | Allocations: 2849)


Started GET "/about" for ::1 at 2022-08-01 16:52:41 +0530
Processing by PagesController#about as HTML
  Rendering layout layouts/application.html.erb
  Rendering pages/about.html.erb within layouts/application
  Rendered pages/about.html.erb within layouts/application (Duration: 1.2ms | Allocations: 257)
  Rendered layouts/_navbar.html.erb (Duration: 0.9ms | Allocations: 323)
  Rendered layout layouts/application.html.erb (Duration: 8.7ms | Allocations: 3540)
Completed 200 OK in 13ms (Views: 10.9ms | ActiveRecord: 0.0ms | Allocations: 4375)


Started GET "/about" for ::1 at 2022-08-01 16:52:42 +0530
Processing by PagesController#about as HTML
  Rendering layout layouts/application.html.erb
  Rendering pages/about.html.erb within layouts/application
  Rendered pages/about.html.erb within layouts/application (Duration: 0.3ms | Allocations: 52)
  Rendered layouts/_navbar.html.erb (Duration: 0.2ms | Allocations: 126)
  Rendered layout layouts/application.html.erb (Duration: 6.2ms | Allocations: 2605)
Completed 200 OK in 7ms (Views: 6.7ms | ActiveRecord: 0.0ms | Allocations: 2891)


Started GET "/about" for ::1 at 2022-08-01 16:52:42 +0530
Processing by PagesController#about as HTML
  Rendering layout layouts/application.html.erb
  Rendering pages/about.html.erb within layouts/application
  Rendered pages/about.html.erb within layouts/application (Duration: 0.3ms | Allocations: 52)
  Rendered layouts/_navbar.html.erb (Duration: 0.3ms | Allocations: 126)
  Rendered layout layouts/application.html.erb (Duration: 6.3ms | Allocations: 2599)
Completed 200 OK in 8ms (Views: 7.2ms | ActiveRecord: 0.0ms | Allocations: 2865)


Started GET "/about" for ::1 at 2022-08-01 16:54:04 +0530
Processing by PagesController#about as HTML
  Rendering layout layouts/application.html.erb
  Rendering pages/about.html.erb within layouts/application
  Rendered pages/about.html.erb within layouts/application (Duration: 1.1ms | Allocations: 257)
  Rendered layouts/_navbar.html.erb (Duration: 0.8ms | Allocations: 322)
  Rendered layout layouts/application.html.erb (Duration: 9.2ms | Allocations: 3537)
Completed 200 OK in 13ms (Views: 11.4ms | ActiveRecord: 0.0ms | Allocations: 4378)


Started GET "/about" for ::1 at 2022-08-01 16:54:05 +0530
Processing by PagesController#about as HTML
  Rendering layout layouts/application.html.erb
  Rendering pages/about.html.erb within layouts/application
  Rendered pages/about.html.erb within layouts/application (Duration: 0.4ms | Allocations: 52)
  Rendered layouts/_navbar.html.erb (Duration: 0.4ms | Allocations: 126)
  Rendered layout layouts/application.html.erb (Duration: 7.5ms | Allocations: 2590)
Completed 200 OK in 9ms (Views: 8.5ms | ActiveRecord: 0.0ms | Allocations: 2875)


Started GET "/about" for ::1 at 2022-08-01 16:54:41 +0530
Processing by PagesController#about as HTML
  Rendering layout layouts/application.html.erb
  Rendering pages/about.html.erb within layouts/application
  Rendered pages/about.html.erb within layouts/application (Duration: 1.2ms | Allocations: 257)
  Rendered layouts/_navbar.html.erb (Duration: 1.1ms | Allocations: 325)
  Rendered layout layouts/application.html.erb (Duration: 8.6ms | Allocations: 3533)
Completed 200 OK in 12ms (Views: 10.4ms | ActiveRecord: 0.0ms | Allocations: 4364)


Started GET "/about" for ::1 at 2022-08-01 16:54:41 +0530
Processing by PagesController#about as HTML
  Rendering layout layouts/application.html.erb
  Rendering pages/about.html.erb within layouts/application
  Rendered pages/about.html.erb within layouts/application (Duration: 0.4ms | Allocations: 52)
  Rendered layouts/_navbar.html.erb (Duration: 0.4ms | Allocations: 126)
  Rendered layout layouts/application.html.erb (Duration: 6.9ms | Allocations: 2608)
Completed 200 OK in 9ms (Views: 7.8ms | ActiveRecord: 0.0ms | Allocations: 2893)


Started GET "/about" for ::1 at 2022-08-01 16:55:13 +0530
Processing by PagesController#about as HTML
  Rendering layout layouts/application.html.erb
  Rendering pages/about.html.erb within layouts/application
  Rendered pages/about.html.erb within layouts/application (Duration: 0.9ms | Allocations: 257)
  Rendered layouts/_navbar.html.erb (Duration: 0.6ms | Allocations: 325)
  Rendered layout layouts/application.html.erb (Duration: 6.3ms | Allocations: 3545)
Completed 200 OK in 10ms (Views: 8.2ms | ActiveRecord: 0.0ms | Allocations: 4376)


Started GET "/" for ::1 at 2022-08-01 16:55:19 +0530
Processing by PagesController#home as HTML
  Rendering layout layouts/application.html.erb
  Rendering pages/home.html.erb within layouts/application
  Rendered pages/home.html.erb within layouts/application (Duration: 0.9ms | Allocations: 173)
  Rendered layouts/_navbar.html.erb (Duration: 0.2ms | Allocations: 126)
  Rendered layout layouts/application.html.erb (Duration: 4.9ms | Allocations: 2711)
Completed 200 OK in 7ms (Views: 5.9ms | ActiveRecord: 0.0ms | Allocations: 3053)


Started GET "/about" for ::1 at 2022-08-01 16:55:21 +0530
Processing by PagesController#about as HTML
  Rendering layout layouts/application.html.erb
  Rendering pages/about.html.erb within layouts/application
  Rendered pages/about.html.erb within layouts/application (Duration: 0.6ms | Allocations: 52)
  Rendered layouts/_navbar.html.erb (Duration: 0.3ms | Allocations: 126)
  Rendered layout layouts/application.html.erb (Duration: 5.9ms | Allocations: 2596)
Completed 200 OK in 8ms (Views: 7.0ms | ActiveRecord: 0.0ms | Allocations: 2865)


Started GET "/" for ::1 at 2022-08-01 16:55:24 +0530
Processing by PagesController#home as HTML
  Rendering layout layouts/application.html.erb
  Rendering pages/home.html.erb within layouts/application
  Rendered pages/home.html.erb within layouts/application (Duration: 0.4ms | Allocations: 55)
  Rendered layouts/_navbar.html.erb (Duration: 0.3ms | Allocations: 126)
  Rendered layout layouts/application.html.erb (Duration: 6.2ms | Allocations: 2626)
Completed 200 OK in 8ms (Views: 7.1ms | ActiveRecord: 0.0ms | Allocations: 2892)


Started GET "/about" for ::1 at 2022-08-01 16:55:25 +0530
Processing by PagesController#about as HTML
  Rendering layout layouts/application.html.erb
  Rendering pages/about.html.erb within layouts/application
  Rendered pages/about.html.erb within layouts/application (Duration: 0.5ms | Allocations: 52)
  Rendered layouts/_navbar.html.erb (Duration: 0.2ms | Allocations: 126)
  Rendered layout layouts/application.html.erb (Duration: 5.9ms | Allocations: 2587)
Completed 200 OK in 8ms (Views: 6.9ms | ActiveRecord: 0.0ms | Allocations: 2856)


Started GET "/about" for ::1 at 2022-08-01 16:55:26 +0530
Processing by PagesController#about as HTML
  Rendering layout layouts/application.html.erb
  Rendering pages/about.html.erb within layouts/application
  Rendered pages/about.html.erb within layouts/application (Duration: 0.3ms | Allocations: 52)
  Rendered layouts/_navbar.html.erb (Duration: 0.2ms | Allocations: 126)
  Rendered layout layouts/application.html.erb (Duration: 5.6ms | Allocations: 2590)
Completed 200 OK in 7ms (Views: 6.3ms | ActiveRecord: 0.0ms | Allocations: 2859)


Started GET "/" for ::1 at 2022-08-01 16:55:27 +0530
Processing by PagesController#home as HTML
  Rendering layout layouts/application.html.erb
  Rendering pages/home.html.erb within layouts/application
  Rendered pages/home.html.erb within layouts/application (Duration: 0.3ms | Allocations: 55)
  Rendered layouts/_navbar.html.erb (Duration: 0.2ms | Allocations: 126)
  Rendered layout layouts/application.html.erb (Duration: 6.0ms | Allocations: 2590)
Completed 200 OK in 8ms (Views: 6.9ms | ActiveRecord: 0.0ms | Allocations: 2859)


Started GET "/about" for ::1 at 2022-08-01 16:55:28 +0530
Processing by PagesController#about as HTML
  Rendering layout layouts/application.html.erb
  Rendering pages/about.html.erb within layouts/application
  Rendered pages/about.html.erb within layouts/application (Duration: 0.5ms | Allocations: 52)
  Rendered layouts/_navbar.html.erb (Duration: 0.2ms | Allocations: 126)
  Rendered layout layouts/application.html.erb (Duration: 5.3ms | Allocations: 2599)
Completed 200 OK in 7ms (Views: 6.7ms | ActiveRecord: 0.0ms | Allocations: 2868)


Started GET "/" for ::1 at 2022-08-01 16:55:29 +0530
Processing by PagesController#home as HTML
  Rendering layout layouts/application.html.erb
  Rendering pages/home.html.erb within layouts/application
  Rendered pages/home.html.erb within layouts/application (Duration: 0.7ms | Allocations: 55)
  Rendered layouts/_navbar.html.erb (Duration: 0.2ms | Allocations: 126)
  Rendered layout layouts/application.html.erb (Duration: 5.7ms | Allocations: 2620)
Completed 200 OK in 7ms (Views: 6.4ms | ActiveRecord: 0.0ms | Allocations: 2889)


Started GET "/" for ::1 at 2022-08-01 16:55:29 +0530
Processing by PagesController#home as HTML
  Rendering layout layouts/application.html.erb
  Rendering pages/home.html.erb within layouts/application
  Rendered pages/home.html.erb within layouts/application (Duration: 0.3ms | Allocations: 55)
  Rendered layouts/_navbar.html.erb (Duration: 0.3ms | Allocations: 126)
  Rendered layout layouts/application.html.erb (Duration: 16.2ms | Allocations: 2609)
Completed 200 OK in 18ms (Views: 17.0ms | ActiveRecord: 0.0ms | Allocations: 2879)


Started GET "/about" for ::1 at 2022-08-01 16:55:30 +0530
Processing by PagesController#about as HTML
  Rendering layout layouts/application.html.erb
  Rendering pages/about.html.erb within layouts/application
  Rendered pages/about.html.erb within layouts/application (Duration: 0.4ms | Allocations: 52)
  Rendered layouts/_navbar.html.erb (Duration: 0.2ms | Allocations: 126)
  Rendered layout layouts/application.html.erb (Duration: 6.2ms | Allocations: 2601)
Completed 200 OK in 9ms (Views: 7.6ms | ActiveRecord: 0.0ms | Allocations: 2870)


  [1m[35m (0.8ms)[0m  [1m[34mSELECT sqlite_version(*)[0m
  [1m[35m (2.9ms)[0m  [1m[35mCREATE TABLE "schema_migrations" ("version" varchar NOT NULL PRIMARY KEY)[0m
  [1m[35m (3.1ms)[0m  [1m[35mCREATE TABLE "ar_internal_metadata" ("key" varchar NOT NULL PRIMARY KEY, "value" varchar, "created_at" datetime(6) NOT NULL, "updated_at" datetime(6) NOT NULL)[0m
  [1m[36mActiveRecord::SchemaMigration Pluck (0.1ms)[0m  [1m[34mSELECT "schema_migrations"."version" FROM "schema_migrations" ORDER BY "schema_migrations"."version" ASC[0m
Migrating to CreatePosts (20220802102918)
  [1m[36mTRANSACTION (0.0ms)[0m  [1m[36mbegin transaction[0m
  [1m[35m (0.2ms)[0m  [1m[35mCREATE TABLE "posts" ("id" integer PRIMARY KEY AUTOINCREMENT NOT NULL, "title" varchar, "body" text, "created_at" datetime(6) NOT NULL, "updated_at" datetime(6) NOT NULL)[0m
  [1m[36mActiveRecord::SchemaMigration Create (0.1ms)[0m  [1m[32mINSERT INTO "schema_migrations" ("version") VALUES (?)[0m  [["version", "20220802102918"]]
  [1m[36mTRANSACTION (3.1ms)[0m  [1m[36mcommit transaction[0m
  [1m[36mActiveRecord::InternalMetadata Load (0.1ms)[0m  [1m[34mSELECT "ar_internal_metadata".* FROM "ar_internal_metadata" WHERE "ar_internal_metadata"."key" = ? LIMIT ?[0m  [["key", "environment"], ["LIMIT", 1]]
  [1m[36mTRANSACTION (0.0ms)[0m  [1m[36mbegin transaction[0m
  [1m[36mActiveRecord::InternalMetadata Create (0.1ms)[0m  [1m[32mINSERT INTO "ar_internal_metadata" ("key", "value", "created_at", "updated_at") VALUES (?, ?, ?, ?)[0m  [["key", "environment"], ["value", "development"], ["created_at", "2022-08-02 10:31:05.312489"], ["updated_at", "2022-08-02 10:31:05.312489"]]
  [1m[36mTRANSACTION (2.3ms)[0m  [1m[36mcommit transaction[0m
  [1m[35m (0.0ms)[0m  [1m[34mSELECT sqlite_version(*)[0m
  [1m[36mActiveRecord::SchemaMigration Pluck (0.1ms)[0m  [1m[34mSELECT "schema_migrations"."version" FROM "schema_migrations" ORDER BY "schema_migrations"."version" ASC[0m
  [1m[35m (0.9ms)[0m  [1m[34mSELECT sqlite_version(*)[0m
  [1m[36mTRANSACTION (0.1ms)[0m  [1m[36mbegin transaction[0m
  [1m[36mPost Create (0.4ms)[0m  [1m[32mINSERT INTO "posts" ("title", "body", "created_at", "updated_at") VALUES (?, ?, ?, ?)[0m  [["title", "Hello Punith"], ["body", "This is your first post"], ["created_at", "2022-08-02 10:34:31.612411"], ["updated_at", "2022-08-02 10:34:31.612411"]]
  [1m[36mTRANSACTION (7.3ms)[0m  [1m[36mcommit transaction[0m
  [1m[36mTRANSACTION (0.1ms)[0m  [1m[36mbegin transaction[0m
  [1m[36mPost Create (0.4ms)[0m  [1m[32mINSERT INTO "posts" ("title", "body", "created_at", "updated_at") VALUES (?, ?, ?, ?)[0m  [["title", "My Second Post"], ["body", "This is my second post"], ["created_at", "2022-08-02 10:35:34.398360"], ["updated_at", "2022-08-02 10:35:34.398360"]]
  [1m[36mTRANSACTION (7.4ms)[0m  [1m[36mcommit transaction[0m
  [1m[36mPost Load (0.2ms)[0m  [1m[34mSELECT "posts".* FROM "posts" WHERE "posts"."id" = ? LIMIT ?[0m  [["id", 1], ["LIMIT", 1]]
  [1m[36mPost Load (0.2ms)[0m  [1m[34mSELECT "posts".* FROM "posts" WHERE "posts"."id" = ? LIMIT ?[0m  [["id", 2], ["LIMIT", 1]]
  [1m[36mPost Load (0.3ms)[0m  [1m[34mSELECT "posts".* FROM "posts" ORDER BY "posts"."id" DESC LIMIT ?[0m  [["LIMIT", 2]]
Started GET "/" for ::1 at 2022-08-02 16:11:13 +0530
  [1m[35m (0.7ms)[0m  [1m[34mSELECT sqlite_version(*)[0m
  [1m[36mActiveRecord::SchemaMigration Pluck (0.1ms)[0m  [1m[34mSELECT "schema_migrations"."version" FROM "schema_migrations" ORDER BY "schema_migrations"."version" ASC[0m
Processing by PagesController#home as HTML
  Rendering layout layouts/application.html.erb
  Rendering pages/home.html.erb within layouts/application
  Rendered pages/home.html.erb within layouts/application (Duration: 1.1ms | Allocations: 540)
  Rendered layouts/_navbar.html.erb (Duration: 0.7ms | Allocations: 336)
  Rendered layout layouts/application.html.erb (Duration: 105.3ms | Allocations: 36505)
Completed 200 OK in 112ms (Views: 107.6ms | ActiveRecord: 0.0ms | Allocations: 39913)


Started GET "/posts" for ::1 at 2022-08-02 16:26:27 +0530
Processing by PostsController#index as HTML
  Rendering layout layouts/application.html.erb
  Rendering posts/index.html.erb within layouts/application
  [1m[35m (0.1ms)[0m  [1m[34mSELECT sqlite_version(*)[0m
  ↳ app/views/posts/index.html.erb:6
  [1m[36mPost Load (0.1ms)[0m  [1m[34mSELECT "posts".* FROM "posts"[0m
  ↳ app/views/posts/index.html.erb:6
  Rendered posts/_post.html.erb (Duration: 0.6ms | Allocations: 262)
  Rendered posts/_post.html.erb (Duration: 0.1ms | Allocations: 25)
  Rendered posts/index.html.erb within layouts/application (Duration: 13.0ms | Allocations: 6577)
  Rendered layouts/_navbar.html.erb (Duration: 0.1ms | Allocations: 133)
  Rendered layout layouts/application.html.erb (Duration: 21.9ms | Allocations: 20641)
Completed 200 OK in 24ms (Views: 22.9ms | ActiveRecord: 0.9ms | Allocations: 22240)


Started GET "/posts/1" for ::1 at 2022-08-02 16:27:54 +0530
Processing by PostsController#show as HTML
  Parameters: {"id"=>"1"}
  [1m[36mPost Load (0.3ms)[0m  [1m[34mSELECT "posts".* FROM "posts" WHERE "posts"."id" = ? LIMIT ?[0m  [["id", 1], ["LIMIT", 1]]
  ↳ app/controllers/posts_controller.rb:63:in `set_post'
  Rendering layout layouts/application.html.erb
  Rendering posts/show.html.erb within layouts/application
  Rendered posts/_post.html.erb (Duration: 0.1ms | Allocations: 32)
  Rendered posts/show.html.erb within layouts/application (Duration: 1.6ms | Allocations: 969)
  Rendered layouts/_navbar.html.erb (Duration: 0.2ms | Allocations: 125)
  Rendered layout layouts/application.html.erb (Duration: 4.6ms | Allocations: 3455)
Completed 200 OK in 14ms (Views: 5.3ms | ActiveRecord: 0.3ms | Allocations: 11838)


Started GET "/posts" for ::1 at 2022-08-02 16:27:57 +0530
Processing by PostsController#index as HTML
  Rendering layout layouts/application.html.erb
  Rendering posts/index.html.erb within layouts/application
  [1m[36mPost Load (0.2ms)[0m  [1m[34mSELECT "posts".* FROM "posts"[0m
  ↳ app/views/posts/index.html.erb:6
  Rendered posts/_post.html.erb (Duration: 0.1ms | Allocations: 26)
  Rendered posts/_post.html.erb (Duration: 0.0ms | Allocations: 25)
  Rendered posts/index.html.erb within layouts/application (Duration: 3.0ms | Allocations: 1082)
  Rendered layouts/_navbar.html.erb (Duration: 0.1ms | Allocations: 125)
  Rendered layout layouts/application.html.erb (Duration: 6.0ms | Allocations: 3471)
Completed 200 OK in 7ms (Views: 6.3ms | ActiveRecord: 0.2ms | Allocations: 3767)


Started GET "/posts/2" for ::1 at 2022-08-02 16:27:58 +0530
Processing by PostsController#show as HTML
  Parameters: {"id"=>"2"}
  [1m[36mPost Load (0.2ms)[0m  [1m[34mSELECT "posts".* FROM "posts" WHERE "posts"."id" = ? LIMIT ?[0m  [["id", 2], ["LIMIT", 1]]
  ↳ app/controllers/posts_controller.rb:63:in `set_post'
  Rendering layout layouts/application.html.erb
  Rendering posts/show.html.erb within layouts/application
  Rendered posts/_post.html.erb (Duration: 0.1ms | Allocations: 26)
  Rendered posts/show.html.erb within layouts/application (Duration: 1.6ms | Allocations: 588)
  Rendered layouts/_navbar.html.erb (Duration: 0.2ms | Allocations: 125)
  Rendered layout layouts/application.html.erb (Duration: 4.1ms | Allocations: 2968)
Completed 200 OK in 7ms (Views: 4.6ms | ActiveRecord: 0.2ms | Allocations: 3744)


Started GET "/posts" for ::1 at 2022-08-02 16:28:01 +0530
Processing by PostsController#index as HTML
  Rendering layout layouts/application.html.erb
  Rendering posts/index.html.erb within layouts/application
  [1m[36mPost Load (0.1ms)[0m  [1m[34mSELECT "posts".* FROM "posts"[0m
  ↳ app/views/posts/index.html.erb:6
  Rendered posts/_post.html.erb (Duration: 0.1ms | Allocations: 26)
  Rendered posts/_post.html.erb (Duration: 0.0ms | Allocations: 25)
  Rendered posts/index.html.erb within layouts/application (Duration: 2.1ms | Allocations: 1068)
  Rendered layouts/_navbar.html.erb (Duration: 0.2ms | Allocations: 125)
  Rendered layout layouts/application.html.erb (Duration: 4.6ms | Allocations: 3455)
Completed 200 OK in 6ms (Views: 5.2ms | ActiveRecord: 0.1ms | Allocations: 3736)


Started GET "/posts/2" for ::1 at 2022-08-02 16:28:37 +0530
Processing by PostsController#show as HTML
  Parameters: {"id"=>"2"}
  [1m[36mPost Load (0.1ms)[0m  [1m[34mSELECT "posts".* FROM "posts" WHERE "posts"."id" = ? LIMIT ?[0m  [["id", 2], ["LIMIT", 1]]
  ↳ app/controllers/posts_controller.rb:63:in `set_post'
  Rendering layout layouts/application.html.erb
  Rendering posts/show.html.erb within layouts/application
  Rendered posts/_post.html.erb (Duration: 0.1ms | Allocations: 26)
  Rendered posts/show.html.erb within layouts/application (Duration: 0.7ms | Allocations: 585)
  Rendered layouts/_navbar.html.erb (Duration: 0.3ms | Allocations: 125)
  Rendered layout layouts/application.html.erb (Duration: 3.7ms | Allocations: 2965)
Completed 200 OK in 6ms (Views: 4.4ms | ActiveRecord: 0.1ms | Allocations: 3738)


Started GET "/posts/2" for ::1 at 2022-08-02 16:37:33 +0530
Processing by PostsController#show as HTML
  Parameters: {"id"=>"2"}
  [1m[35m (0.2ms)[0m  [1m[34mSELECT sqlite_version(*)[0m
  ↳ app/controllers/posts_controller.rb:63:in `set_post'
  [1m[36mPost Load (0.4ms)[0m  [1m[34mSELECT "posts".* FROM "posts" WHERE "posts"."id" = ? LIMIT ?[0m  [["id", 2], ["LIMIT", 1]]
  ↳ app/controllers/posts_controller.rb:63:in `set_post'
  Rendering layout layouts/application.html.erb
  Rendering posts/show.html.erb within layouts/application
  Rendered posts/_post.html.erb (Duration: 0.2ms | Allocations: 26)
  Rendered posts/show.html.erb within layouts/application (Duration: 2.7ms | Allocations: 576)
  Rendered layouts/_navbar.html.erb (Duration: 0.4ms | Allocations: 125)
  Rendered layout layouts/application.html.erb (Duration: 11.5ms | Allocations: 2955)
Completed 200 OK in 22ms (Views: 12.5ms | ActiveRecord: 1.6ms | Allocations: 4292)


Started GET "/posts/2" for ::1 at 2022-08-02 16:52:47 +0530
Processing by PostsController#show as HTML
  Parameters: {"id"=>"2"}
  [1m[35m (0.2ms)[0m  [1m[34mSELECT sqlite_version(*)[0m
  ↳ app/controllers/posts_controller.rb:63:in `set_post'
  [1m[36mPost Load (0.1ms)[0m  [1m[34mSELECT "posts".* FROM "posts" WHERE "posts"."id" = ? LIMIT ?[0m  [["id", 2], ["LIMIT", 1]]
  ↳ app/controllers/posts_controller.rb:63:in `set_post'
  Rendering layout layouts/application.html.erb
  Rendering posts/show.html.erb within layouts/application
  Rendered posts/_post.html.erb (Duration: 0.1ms | Allocations: 52)
  Rendered posts/show.html.erb within layouts/application (Duration: 1.6ms | Allocations: 864)
  Rendered layouts/_navbar.html.erb (Duration: 0.3ms | Allocations: 133)
  Rendered layout layouts/application.html.erb (Duration: 10.7ms | Allocations: 14992)
Completed 200 OK in 20ms (Views: 12.0ms | ActiveRecord: 0.6ms | Allocations: 19442)


Started GET "/posts" for ::1 at 2022-08-02 16:52:50 +0530
Processing by PostsController#index as HTML
  Rendering layout layouts/application.html.erb
  Rendering posts/index.html.erb within layouts/application
  [1m[36mPost Load (0.2ms)[0m  [1m[34mSELECT "posts".* FROM "posts"[0m
  ↳ app/views/posts/index.html.erb:6
  Rendered posts/_post.html.erb (Duration: 0.2ms | Allocations: 26)
  Rendered posts/_post.html.erb (Duration: 0.1ms | Allocations: 25)
  Rendered posts/index.html.erb within layouts/application (Duration: 4.5ms | Allocations: 1192)
  Rendered layouts/_navbar.html.erb (Duration: 0.3ms | Allocations: 125)
  Rendered layout layouts/application.html.erb (Duration: 8.6ms | Allocations: 3587)
Completed 200 OK in 10ms (Views: 9.3ms | ActiveRecord: 0.2ms | Allocations: 3893)


Started GET "/posts/new" for ::1 at 2022-08-02 16:52:51 +0530
Processing by PostsController#new as HTML
  Rendering layout layouts/application.html.erb
  Rendering posts/new.html.erb within layouts/application
  Rendered posts/_form.html.erb (Duration: 27.5ms | Allocations: 4795)
  Rendered posts/new.html.erb within layouts/application (Duration: 30.2ms | Allocations: 5149)
  Rendered layouts/_navbar.html.erb (Duration: 0.3ms | Allocations: 125)
  Rendered layout layouts/application.html.erb (Duration: 33.9ms | Allocations: 7659)
Completed 200 OK in 36ms (Views: 34.8ms | ActiveRecord: 0.0ms | Allocations: 8077)


Started POST "/posts" for ::1 at 2022-08-02 16:52:56 +0530
Processing by PostsController#create as TURBO_STREAM
  Parameters: {"authenticity_token"=>"[FILTERED]", "post"=>{"title"=>"Pu", "body"=>"Num"}, "commit"=>"Create Post"}
  Rendering layout layouts/application.html.erb
  Rendering posts/new.html.erb within layouts/application
  Rendered posts/_form.html.erb (Duration: 4.5ms | Allocations: 3013)
  Rendered posts/new.html.erb within layouts/application (Duration: 5.1ms | Allocations: 3129)
  Rendered layouts/_navbar.html.erb (Duration: 0.5ms | Allocations: 125)
  Rendered layout layouts/application.html.erb (Duration: 9.5ms | Allocations: 5609)
Completed 422 Unprocessable Entity in 13ms (Views: 10.1ms | ActiveRecord: 0.0ms | Allocations: 7209)


Started POST "/posts" for ::1 at 2022-08-02 16:53:01 +0530
Processing by PostsController#create as TURBO_STREAM
  Parameters: {"authenticity_token"=>"[FILTERED]", "post"=>{"title"=>"", "body"=>""}, "commit"=>"Create Post"}
  Rendering layout layouts/application.html.erb
  Rendering posts/new.html.erb within layouts/application
  Rendered posts/_form.html.erb (Duration: 4.7ms | Allocations: 4657)
  Rendered posts/new.html.erb within layouts/application (Duration: 4.9ms | Allocations: 4765)
  Rendered layouts/_navbar.html.erb (Duration: 0.1ms | Allocations: 125)
  Rendered layout layouts/application.html.erb (Duration: 7.3ms | Allocations: 7144)
Completed 422 Unprocessable Entity in 10ms (Views: 7.6ms | ActiveRecord: 0.0ms | Allocations: 8239)


Started POST "/posts" for ::1 at 2022-08-02 16:53:28 +0530
Processing by PostsController#create as TURBO_STREAM
  Parameters: {"authenticity_token"=>"[FILTERED]", "post"=>{"title"=>"pppppppp", "body"=>"ppsdfkjsnjf kjd hcs dkajdn as"}, "commit"=>"Create Post"}
  [1m[36mTRANSACTION (0.1ms)[0m  [1m[36mbegin transaction[0m
  ↳ app/controllers/posts_controller.rb:27:in `block in create'
  [1m[36mPost Create (0.2ms)[0m  [1m[32mINSERT INTO "posts" ("title", "body", "created_at", "updated_at") VALUES (?, ?, ?, ?)[0m  [["title", "pppppppp"], ["body", "ppsdfkjsnjf kjd hcs dkajdn as"], ["created_at", "2022-08-02 11:23:28.807992"], ["updated_at", "2022-08-02 11:23:28.807992"]]
  ↳ app/controllers/posts_controller.rb:27:in `block in create'
  [1m[36mTRANSACTION (2.0ms)[0m  [1m[36mcommit transaction[0m
  ↳ app/controllers/posts_controller.rb:27:in `block in create'
Redirected to http://localhost:3000/posts/3
Completed 302 Found in 7ms (ActiveRecord: 2.3ms | Allocations: 3332)


Started GET "/posts/3" for ::1 at 2022-08-02 16:53:28 +0530
Processing by PostsController#show as TURBO_STREAM
  Parameters: {"id"=>"3"}
  [1m[36mPost Load (0.1ms)[0m  [1m[34mSELECT "posts".* FROM "posts" WHERE "posts"."id" = ? LIMIT ?[0m  [["id", 3], ["LIMIT", 1]]
  ↳ app/controllers/posts_controller.rb:63:in `set_post'
  Rendering layout layouts/application.html.erb
  Rendering posts/show.html.erb within layouts/application
  Rendered posts/_post.html.erb (Duration: 0.1ms | Allocations: 29)
  Rendered posts/show.html.erb within layouts/application (Duration: 0.7ms | Allocations: 682)
  Rendered layouts/_navbar.html.erb (Duration: 0.1ms | Allocations: 125)
  Rendered layout layouts/application.html.erb (Duration: 2.7ms | Allocations: 3061)
Completed 200 OK in 4ms (Views: 3.0ms | ActiveRecord: 0.1ms | Allocations: 3882)


Started DELETE "/posts/3" for ::1 at 2022-08-02 16:53:32 +0530
Processing by PostsController#destroy as TURBO_STREAM
  Parameters: {"authenticity_token"=>"[FILTERED]", "id"=>"3"}
  [1m[36mPost Load (0.1ms)[0m  [1m[34mSELECT "posts".* FROM "posts" WHERE "posts"."id" = ? LIMIT ?[0m  [["id", 3], ["LIMIT", 1]]
  ↳ app/controllers/posts_controller.rb:63:in `set_post'
  [1m[36mTRANSACTION (0.1ms)[0m  [1m[36mbegin transaction[0m
  ↳ app/controllers/posts_controller.rb:52:in `destroy'
  [1m[36mPost Destroy (0.3ms)[0m  [1m[31mDELETE FROM "posts" WHERE "posts"."id" = ?[0m  [["id", 3]]
  ↳ app/controllers/posts_controller.rb:52:in `destroy'
  [1m[36mTRANSACTION (7.3ms)[0m  [1m[36mcommit transaction[0m
  ↳ app/controllers/posts_controller.rb:52:in `destroy'
Redirected to http://localhost:3000/posts
Completed 302 Found in 14ms (ActiveRecord: 7.8ms | Allocations: 2486)


Started GET "/posts" for ::1 at 2022-08-02 16:53:32 +0530
Processing by PostsController#index as TURBO_STREAM
  Rendering layout layouts/application.html.erb
  Rendering posts/index.html.erb within layouts/application
  [1m[36mPost Load (0.1ms)[0m  [1m[34mSELECT "posts".* FROM "posts"[0m
  ↳ app/views/posts/index.html.erb:6
  Rendered posts/_post.html.erb (Duration: 0.1ms | Allocations: 26)
  Rendered posts/_post.html.erb (Duration: 0.0ms | Allocations: 25)
  Rendered posts/index.html.erb within layouts/application (Duration: 1.4ms | Allocations: 1113)
  Rendered layouts/_navbar.html.erb (Duration: 0.1ms | Allocations: 125)
  Rendered layout layouts/application.html.erb (Duration: 3.3ms | Allocations: 3500)
Completed 200 OK in 4ms (Views: 3.5ms | ActiveRecord: 0.1ms | Allocations: 3786)


Started GET "/posts.json" for ::1 at 2022-08-02 16:56:00 +0530
Processing by PostsController#index as JSON
  Rendering posts/index.json.jbuilder
  [1m[36mPost Load (0.1ms)[0m  [1m[34mSELECT "posts".* FROM "posts"[0m
  ↳ app/views/posts/index.json.jbuilder:1
  Rendered collection of posts/_post.json.jbuilder [2 times] (Duration: 0.8ms | Allocations: 417)
  Rendered posts/index.json.jbuilder (Duration: 2.6ms | Allocations: 1547)
Completed 200 OK in 4ms (Views: 3.1ms | ActiveRecord: 0.1ms | Allocations: 2011)


  [1m[35m (0.3ms)[0m  [1m[34mSELECT sqlite_version(*)[0m
  [1m[36mActiveRecord::SchemaMigration Pluck (0.1ms)[0m  [1m[34mSELECT "schema_migrations"."version" FROM "schema_migrations" ORDER BY "schema_migrations"."version" ASC[0m
  [1m[36mActiveRecord::InternalMetadata Pluck (0.1ms)[0m  [1m[34mSELECT "ar_internal_metadata"."value" FROM "ar_internal_metadata" WHERE "ar_internal_metadata"."key" = ? LIMIT ?[0m  [["key", "environment"], ["LIMIT", 1]]
  [1m[36mActiveRecord::SchemaMigration Pluck (0.0ms)[0m  [1m[34mSELECT "schema_migrations"."version" FROM "schema_migrations" ORDER BY "schema_migrations"."version" ASC[0m
  [1m[36mActiveRecord::InternalMetadata Pluck (0.0ms)[0m  [1m[34mSELECT "ar_internal_metadata"."value" FROM "ar_internal_metadata" WHERE "ar_internal_metadata"."key" = ? LIMIT ?[0m  [["key", "environment"], ["LIMIT", 1]]
  [1m[36mActiveRecord::SchemaMigration Pluck (0.0ms)[0m  [1m[34mSELECT "schema_migrations"."version" FROM "schema_migrations" ORDER BY "schema_migrations"."version" ASC[0m
  [1m[36mActiveRecord::InternalMetadata Pluck (0.0ms)[0m  [1m[34mSELECT "ar_internal_metadata"."value" FROM "ar_internal_metadata" WHERE "ar_internal_metadata"."key" = ? LIMIT ?[0m  [["key", "environment"], ["LIMIT", 1]]
  [1m[35m (0.3ms)[0m  [1m[34mSELECT sqlite_version(*)[0m
  [1m[35m (7.9ms)[0m  [1m[35mCREATE TABLE "schema_migrations" ("version" varchar NOT NULL PRIMARY KEY)[0m
  [1m[35m (2.7ms)[0m  [1m[35mCREATE TABLE "ar_internal_metadata" ("key" varchar NOT NULL PRIMARY KEY, "value" varchar, "created_at" datetime(6) NOT NULL, "updated_at" datetime(6) NOT NULL)[0m
  [1m[36mActiveRecord::SchemaMigration Pluck (0.1ms)[0m  [1m[34mSELECT "schema_migrations"."version" FROM "schema_migrations" ORDER BY "schema_migrations"."version" ASC[0m
Migrating to CreatePosts (20220802102918)
  [1m[36mTRANSACTION (0.0ms)[0m  [1m[36mbegin transaction[0m
  [1m[35m (0.2ms)[0m  [1m[35mCREATE TABLE "posts" ("id" integer PRIMARY KEY AUTOINCREMENT NOT NULL, "title" varchar, "body" text, "created_at" datetime(6) NOT NULL, "updated_at" datetime(6) NOT NULL)[0m
  [1m[36mActiveRecord::SchemaMigration Create (0.1ms)[0m  [1m[32mINSERT INTO "schema_migrations" ("version") VALUES (?)[0m  [["version", "20220802102918"]]
  [1m[36mTRANSACTION (2.8ms)[0m  [1m[36mcommit transaction[0m
  [1m[36mActiveRecord::InternalMetadata Load (0.1ms)[0m  [1m[34mSELECT "ar_internal_metadata".* FROM "ar_internal_metadata" WHERE "ar_internal_metadata"."key" = ? LIMIT ?[0m  [["key", "environment"], ["LIMIT", 1]]
  [1m[36mTRANSACTION (0.1ms)[0m  [1m[36mbegin transaction[0m
  [1m[36mActiveRecord::InternalMetadata Create (0.2ms)[0m  [1m[32mINSERT INTO "ar_internal_metadata" ("key", "value", "created_at", "updated_at") VALUES (?, ?, ?, ?)[0m  [["key", "environment"], ["value", "development"], ["created_at", "2022-08-02 11:28:57.392814"], ["updated_at", "2022-08-02 11:28:57.392814"]]
  [1m[36mTRANSACTION (2.2ms)[0m  [1m[36mcommit transaction[0m
  [1m[35m (0.0ms)[0m  [1m[34mSELECT sqlite_version(*)[0m
  [1m[36mActiveRecord::SchemaMigration Pluck (0.1ms)[0m  [1m[34mSELECT "schema_migrations"."version" FROM "schema_migrations" ORDER BY "schema_migrations"."version" ASC[0m
Started GET "/posts" for ::1 at 2022-08-02 16:59:04 +0530
  [1m[35m (0.3ms)[0m  [1m[34mSELECT sqlite_version(*)[0m
  [1m[36mActiveRecord::SchemaMigration Pluck (0.2ms)[0m  [1m[34mSELECT "schema_migrations"."version" FROM "schema_migrations" ORDER BY "schema_migrations"."version" ASC[0m
Processing by PostsController#index as HTML
  Rendering layout layouts/application.html.erb
  Rendering posts/index.html.erb within layouts/application
  [1m[36mPost Load (0.1ms)[0m  [1m[34mSELECT "posts".* FROM "posts"[0m
  ↳ app/views/posts/index.html.erb:6
  Rendered posts/index.html.erb within layouts/application (Duration: 3.4ms | Allocations: 1775)
  Rendered layouts/_navbar.html.erb (Duration: 0.5ms | Allocations: 341)
  Rendered layout layouts/application.html.erb (Duration: 94.7ms | Allocations: 37372)
Completed 200 OK in 102ms (Views: 96.5ms | ActiveRecord: 0.1ms | Allocations: 41784)


Started GET "/posts" for ::1 at 2022-08-02 16:59:05 +0530
Processing by PostsController#index as HTML
  Rendering layout layouts/application.html.erb
  Rendering posts/index.html.erb within layouts/application
  [1m[36mPost Load (0.2ms)[0m  [1m[34mSELECT "posts".* FROM "posts"[0m
  ↳ app/views/posts/index.html.erb:6
  Rendered posts/index.html.erb within layouts/application (Duration: 2.5ms | Allocations: 914)
  Rendered layouts/_navbar.html.erb (Duration: 0.3ms | Allocations: 127)
  Rendered layout layouts/application.html.erb (Duration: 8.7ms | Allocations: 3425)
Completed 200 OK in 10ms (Views: 9.2ms | ActiveRecord: 0.2ms | Allocations: 3778)


Started GET "//" for ::1 at 2022-08-02 16:59:08 +0530
Processing by PagesController#home as HTML
  Rendering layout layouts/application.html.erb
  Rendering pages/home.html.erb within layouts/application
  Rendered pages/home.html.erb within layouts/application (Duration: 1.3ms | Allocations: 257)
  Rendered layouts/_navbar.html.erb (Duration: 0.1ms | Allocations: 134)
  Rendered layout layouts/application.html.erb (Duration: 5.5ms | Allocations: 3081)
Completed 200 OK in 9ms (Views: 8.2ms | ActiveRecord: 0.0ms | Allocations: 3913)


Started GET "/" for ::1 at 2022-08-02 16:59:09 +0530
Processing by PagesController#home as HTML
  Rendering layout layouts/application.html.erb
  Rendering pages/home.html.erb within layouts/application
  Rendered pages/home.html.erb within layouts/application (Duration: 0.2ms | Allocations: 55)
  Rendered layouts/_navbar.html.erb (Duration: 0.3ms | Allocations: 126)
  Rendered layout layouts/application.html.erb (Duration: 3.6ms | Allocations: 2606)
Completed 200 OK in 5ms (Views: 4.5ms | ActiveRecord: 0.0ms | Allocations: 2896)


Started GET "/about" for ::1 at 2022-08-02 16:59:11 +0530
Processing by PagesController#about as HTML
  Rendering layout layouts/application.html.erb
  Rendering pages/about.html.erb within layouts/application
  Rendered pages/about.html.erb within layouts/application (Duration: 0.5ms | Allocations: 182)
  Rendered layouts/_navbar.html.erb (Duration: 0.2ms | Allocations: 126)
  Rendered layout layouts/application.html.erb (Duration: 3.1ms | Allocations: 2733)
Completed 200 OK in 4ms (Views: 3.4ms | ActiveRecord: 0.0ms | Allocations: 3077)


Started GET "/posts" for ::1 at 2022-08-02 16:59:15 +0530
Processing by PostsController#index as HTML
  Rendering layout layouts/application.html.erb
  Rendering posts/index.html.erb within layouts/application
  [1m[36mPost Load (0.1ms)[0m  [1m[34mSELECT "posts".* FROM "posts"[0m
  ↳ app/views/posts/index.html.erb:6
  Rendered posts/index.html.erb within layouts/application (Duration: 1.6ms | Allocations: 821)
  Rendered layouts/_navbar.html.erb (Duration: 0.2ms | Allocations: 126)
  Rendered layout layouts/application.html.erb (Duration: 4.8ms | Allocations: 3213)
Completed 200 OK in 6ms (Views: 5.2ms | ActiveRecord: 0.1ms | Allocations: 3496)


  [1m[35m (0.3ms)[0m  [1m[34mSELECT sqlite_version(*)[0m
  [1m[36mActiveRecord::SchemaMigration Pluck (0.1ms)[0m  [1m[34mSELECT "schema_migrations"."version" FROM "schema_migrations" ORDER BY "schema_migrations"."version" ASC[0m
  [1m[35m (0.0ms)[0m  [1m[34mSELECT sqlite_version(*)[0m
  [1m[36mTRANSACTION (0.0ms)[0m  [1m[36mbegin transaction[0m
  [1m[36mPost Create (0.2ms)[0m  [1m[32mINSERT INTO "posts" ("title", "body", "created_at", "updated_at") VALUES (?, ?, ?, ?)[0m  [["title", "Title 0"], ["body", "Body 0 Words go her...."], ["created_at", "2022-08-02 11:31:19.507282"], ["updated_at", "2022-08-02 11:31:19.507282"]]
  [1m[36mTRANSACTION (2.3ms)[0m  [1m[36mcommit transaction[0m
  [1m[36mTRANSACTION (0.0ms)[0m  [1m[36mbegin transaction[0m
  [1m[36mPost Create (0.1ms)[0m  [1m[32mINSERT INTO "posts" ("title", "body", "created_at", "updated_at") VALUES (?, ?, ?, ?)[0m  [["title", "Title 1"], ["body", "Body 1 Words go her...."], ["created_at", "2022-08-02 11:31:19.512547"], ["updated_at", "2022-08-02 11:31:19.512547"]]
  [1m[36mTRANSACTION (2.3ms)[0m  [1m[36mcommit transaction[0m
  [1m[36mTRANSACTION (0.0ms)[0m  [1m[36mbegin transaction[0m
  [1m[36mPost Create (0.1ms)[0m  [1m[32mINSERT INTO "posts" ("title", "body", "created_at", "updated_at") VALUES (?, ?, ?, ?)[0m  [["title", "Title 2"], ["body", "Body 2 Words go her...."], ["created_at", "2022-08-02 11:31:19.516751"], ["updated_at", "2022-08-02 11:31:19.516751"]]
  [1m[36mTRANSACTION (2.0ms)[0m  [1m[36mcommit transaction[0m
  [1m[36mTRANSACTION (0.0ms)[0m  [1m[36mbegin transaction[0m
  [1m[36mPost Create (0.1ms)[0m  [1m[32mINSERT INTO "posts" ("title", "body", "created_at", "updated_at") VALUES (?, ?, ?, ?)[0m  [["title", "Title 3"], ["body", "Body 3 Words go her...."], ["created_at", "2022-08-02 11:31:19.520777"], ["updated_at", "2022-08-02 11:31:19.520777"]]
  [1m[36mTRANSACTION (2.1ms)[0m  [1m[36mcommit transaction[0m
  [1m[36mTRANSACTION (0.0ms)[0m  [1m[36mbegin transaction[0m
  [1m[36mPost Create (0.2ms)[0m  [1m[32mINSERT INTO "posts" ("title", "body", "created_at", "updated_at") VALUES (?, ?, ?, ?)[0m  [["title", "Title 4"], ["body", "Body 4 Words go her...."], ["created_at", "2022-08-02 11:31:19.524919"], ["updated_at", "2022-08-02 11:31:19.524919"]]
  [1m[36mTRANSACTION (2.0ms)[0m  [1m[36mcommit transaction[0m
  [1m[36mTRANSACTION (0.0ms)[0m  [1m[36mbegin transaction[0m
  [1m[36mPost Create (0.1ms)[0m  [1m[32mINSERT INTO "posts" ("title", "body", "created_at", "updated_at") VALUES (?, ?, ?, ?)[0m  [["title", "Title 5"], ["body", "Body 5 Words go her...."], ["created_at", "2022-08-02 11:31:19.529207"], ["updated_at", "2022-08-02 11:31:19.529207"]]
  [1m[36mTRANSACTION (3.3ms)[0m  [1m[36mcommit transaction[0m
  [1m[36mTRANSACTION (0.0ms)[0m  [1m[36mbegin transaction[0m
  [1m[36mPost Create (0.1ms)[0m  [1m[32mINSERT INTO "posts" ("title", "body", "created_at", "updated_at") VALUES (?, ?, ?, ?)[0m  [["title", "Title 6"], ["body", "Body 6 Words go her...."], ["created_at", "2022-08-02 11:31:19.534548"], ["updated_at", "2022-08-02 11:31:19.534548"]]
  [1m[36mTRANSACTION (2.3ms)[0m  [1m[36mcommit transaction[0m
  [1m[36mTRANSACTION (0.0ms)[0m  [1m[36mbegin transaction[0m
  [1m[36mPost Create (0.1ms)[0m  [1m[32mINSERT INTO "posts" ("title", "body", "created_at", "updated_at") VALUES (?, ?, ?, ?)[0m  [["title", "Title 7"], ["body", "Body 7 Words go her...."], ["created_at", "2022-08-02 11:31:19.539113"], ["updated_at", "2022-08-02 11:31:19.539113"]]
  [1m[36mTRANSACTION (2.1ms)[0m  [1m[36mcommit transaction[0m
  [1m[36mTRANSACTION (0.0ms)[0m  [1m[36mbegin transaction[0m
  [1m[36mPost Create (0.1ms)[0m  [1m[32mINSERT INTO "posts" ("title", "body", "created_at", "updated_at") VALUES (?, ?, ?, ?)[0m  [["title", "Title 8"], ["body", "Body 8 Words go her...."], ["created_at", "2022-08-02 11:31:19.543464"], ["updated_at", "2022-08-02 11:31:19.543464"]]
  [1m[36mTRANSACTION (2.4ms)[0m  [1m[36mcommit transaction[0m
  [1m[36mTRANSACTION (0.0ms)[0m  [1m[36mbegin transaction[0m
  [1m[36mPost Create (0.1ms)[0m  [1m[32mINSERT INTO "posts" ("title", "body", "created_at", "updated_at") VALUES (?, ?, ?, ?)[0m  [["title", "Title 9"], ["body", "Body 9 Words go her...."], ["created_at", "2022-08-02 11:31:19.548328"], ["updated_at", "2022-08-02 11:31:19.548328"]]
  [1m[36mTRANSACTION (2.3ms)[0m  [1m[36mcommit transaction[0m
Started GET "/posts" for ::1 at 2022-08-02 17:01:35 +0530
  [1m[35m (0.3ms)[0m  [1m[34mSELECT sqlite_version(*)[0m
  [1m[36mActiveRecord::SchemaMigration Pluck (0.2ms)[0m  [1m[34mSELECT "schema_migrations"."version" FROM "schema_migrations" ORDER BY "schema_migrations"."version" ASC[0m
Processing by PostsController#index as HTML
  Rendering layout layouts/application.html.erb
  Rendering posts/index.html.erb within layouts/application
  [1m[36mPost Load (0.2ms)[0m  [1m[34mSELECT "posts".* FROM "posts"[0m
  ↳ app/views/posts/index.html.erb:6
  Rendered posts/_post.html.erb (Duration: 10.2ms | Allocations: 273)
  Rendered posts/_post.html.erb (Duration: 0.1ms | Allocations: 25)
  Rendered posts/_post.html.erb (Duration: 0.1ms | Allocations: 25)
  Rendered posts/_post.html.erb (Duration: 0.0ms | Allocations: 25)
  Rendered posts/_post.html.erb (Duration: 0.0ms | Allocations: 25)
  Rendered posts/_post.html.erb (Duration: 0.0ms | Allocations: 25)
  Rendered posts/_post.html.erb (Duration: 0.0ms | Allocations: 25)
  Rendered posts/_post.html.erb (Duration: 0.1ms | Allocations: 25)
  Rendered posts/_post.html.erb (Duration: 0.1ms | Allocations: 25)
  Rendered posts/_post.html.erb (Duration: 0.0ms | Allocations: 25)
  Rendered posts/index.html.erb within layouts/application (Duration: 66.4ms | Allocations: 7436)
  Rendered layouts/_navbar.html.erb (Duration: 0.5ms | Allocations: 334)
  Rendered layout layouts/application.html.erb (Duration: 112.3ms | Allocations: 43107)
Completed 200 OK in 120ms (Views: 115.2ms | ActiveRecord: 0.5ms | Allocations: 47528)


Started GET "/posts/8" for ::1 at 2022-08-02 17:15:11 +0530
Processing by PostsController#show as HTML
  Parameters: {"id"=>"8"}
  [1m[35m (0.1ms)[0m  [1m[34mSELECT sqlite_version(*)[0m
  ↳ app/controllers/posts_controller.rb:63:in `set_post'
  [1m[36mPost Load (0.2ms)[0m  [1m[34mSELECT "posts".* FROM "posts" WHERE "posts"."id" = ? LIMIT ?[0m  [["id", 8], ["LIMIT", 1]]
  ↳ app/controllers/posts_controller.rb:63:in `set_post'
  Rendering layout layouts/application.html.erb
  Rendering posts/show.html.erb within layouts/application
  Rendered posts/_post.html.erb (Duration: 0.1ms | Allocations: 32)
  Rendered posts/show.html.erb within layouts/application (Duration: 1.5ms | Allocations: 968)
  Rendered layouts/_navbar.html.erb (Duration: 0.2ms | Allocations: 125)
  Rendered layout layouts/application.html.erb (Duration: 4.0ms | Allocations: 3455)
Completed 200 OK in 14ms (Views: 4.4ms | ActiveRecord: 0.5ms | Allocations: 12447)


Started GET "/posts/8/edit" for ::1 at 2022-08-02 17:15:14 +0530
Processing by PostsController#edit as HTML
  Parameters: {"id"=>"8"}
  [1m[36mPost Load (0.2ms)[0m  [1m[34mSELECT "posts".* FROM "posts" WHERE "posts"."id" = ? LIMIT ?[0m  [["id", 8], ["LIMIT", 1]]
  ↳ app/controllers/posts_controller.rb:63:in `set_post'
  Rendering layout layouts/application.html.erb
  Rendering posts/edit.html.erb within layouts/application
  Rendered posts/_form.html.erb (Duration: 8.2ms | Allocations: 3262)
  Rendered posts/edit.html.erb within layouts/application (Duration: 9.0ms | Allocations: 3654)
  Rendered layouts/_navbar.html.erb (Duration: 0.1ms | Allocations: 125)
  Rendered layout layouts/application.html.erb (Duration: 11.4ms | Allocations: 6154)
Completed 200 OK in 14ms (Views: 11.7ms | ActiveRecord: 0.2ms | Allocations: 7018)


Started GET "/posts" for ::1 at 2022-08-02 17:15:17 +0530
Processing by PostsController#index as HTML
  Rendering layout layouts/application.html.erb
  Rendering posts/index.html.erb within layouts/application
  [1m[36mPost Load (0.3ms)[0m  [1m[34mSELECT "posts".* FROM "posts"[0m
  ↳ app/views/posts/index.html.erb:6
  Rendered posts/_post.html.erb (Duration: 0.1ms | Allocations: 29)
  Rendered posts/_post.html.erb (Duration: 0.1ms | Allocations: 25)
  Rendered posts/_post.html.erb (Duration: 0.1ms | Allocations: 25)
  Rendered posts/_post.html.erb (Duration: 0.1ms | Allocations: 25)
  Rendered posts/_post.html.erb (Duration: 0.1ms | Allocations: 25)
  Rendered posts/_post.html.erb (Duration: 0.0ms | Allocations: 25)
  Rendered posts/_post.html.erb (Duration: 0.0ms | Allocations: 25)
  Rendered posts/_post.html.erb (Duration: 0.0ms | Allocations: 25)
  Rendered posts/_post.html.erb (Duration: 0.0ms | Allocations: 25)
  Rendered posts/_post.html.erb (Duration: 0.1ms | Allocations: 25)
  Rendered posts/index.html.erb within layouts/application (Duration: 5.5ms | Allocations: 2349)
  Rendered layouts/_navbar.html.erb (Duration: 0.1ms | Allocations: 125)
  Rendered layout layouts/application.html.erb (Duration: 7.9ms | Allocations: 4739)
Completed 200 OK in 10ms (Views: 8.6ms | ActiveRecord: 0.3ms | Allocations: 5067)


Started GET "/" for ::1 at 2022-08-02 17:16:17 +0530
Processing by PagesController#home as HTML
  Rendering layout layouts/application.html.erb
  Rendering pages/home.html.erb within layouts/application
  Rendered pages/home.html.erb within layouts/application (Duration: 0.6ms | Allocations: 257)
  Rendered layouts/_navbar.html.erb (Duration: 0.2ms | Allocations: 134)
  Rendered layout layouts/application.html.erb (Duration: 9.5ms | Allocations: 3090)
Completed 200 OK in 12ms (Views: 11.0ms | ActiveRecord: 0.0ms | Allocations: 3923)


Started GET "/about" for ::1 at 2022-08-02 17:16:19 +0530
Processing by PagesController#about as HTML
  Rendering layout layouts/application.html.erb
  Rendering pages/about.html.erb within layouts/application
  Rendered pages/about.html.erb within layouts/application (Duration: 0.6ms | Allocations: 178)
  Rendered layouts/_navbar.html.erb (Duration: 0.1ms | Allocations: 126)
  Rendered layout layouts/application.html.erb (Duration: 3.1ms | Allocations: 2740)
Completed 200 OK in 6ms (Views: 4.4ms | ActiveRecord: 0.0ms | Allocations: 3097)


Started GET "/" for ::1 at 2022-08-02 17:16:20 +0530
Processing by PagesController#home as HTML
  Rendering layout layouts/application.html.erb
  Rendering pages/home.html.erb within layouts/application
  Rendered pages/home.html.erb within layouts/application (Duration: 0.2ms | Allocations: 55)
  Rendered layouts/_navbar.html.erb (Duration: 0.1ms | Allocations: 126)
  Rendered layout layouts/application.html.erb (Duration: 2.9ms | Allocations: 2617)
Completed 200 OK in 4ms (Views: 3.6ms | ActiveRecord: 0.0ms | Allocations: 2886)


Started GET "/" for ::1 at 2022-08-04 12:48:11 +0530
  [1m[35m (1.0ms)[0m  [1m[34mSELECT sqlite_version(*)[0m
  [1m[36mActiveRecord::SchemaMigration Pluck (0.1ms)[0m  [1m[34mSELECT "schema_migrations"."version" FROM "schema_migrations" ORDER BY "schema_migrations"."version" ASC[0m
Processing by PagesController#home as HTML
  Rendering layout layouts/application.html.erb
  Rendering pages/home.html.erb within layouts/application
  Rendered pages/home.html.erb within layouts/application (Duration: 0.9ms | Allocations: 649)
  Rendered layouts/_navbar.html.erb (Duration: 0.5ms | Allocations: 339)
  Rendered layout layouts/application.html.erb (Duration: 139.2ms | Allocations: 91223)
Completed 200 OK in 148ms (Views: 142.1ms | ActiveRecord: 0.0ms | Allocations: 95860)


Started GET "/about" for ::1 at 2022-08-04 12:48:14 +0530
Processing by PagesController#about as HTML
  Rendering layout layouts/application.html.erb
  Rendering pages/about.html.erb within layouts/application
  Rendered pages/about.html.erb within layouts/application (Duration: 0.5ms | Allocations: 230)
  Rendered layouts/_navbar.html.erb (Duration: 0.1ms | Allocations: 127)
  Rendered layout layouts/application.html.erb (Duration: 2.6ms | Allocations: 2978)
Completed 200 OK in 3ms (Views: 3.0ms | ActiveRecord: 0.0ms | Allocations: 3390)


Started GET "/" for ::1 at 2022-08-04 12:48:15 +0530
Processing by PagesController#home as HTML
  Rendering layout layouts/application.html.erb
  Rendering pages/home.html.erb within layouts/application
  Rendered pages/home.html.erb within layouts/application (Duration: 0.2ms | Allocations: 55)
  Rendered layouts/_navbar.html.erb (Duration: 0.1ms | Allocations: 126)
  Rendered layout layouts/application.html.erb (Duration: 2.5ms | Allocations: 2606)
Completed 200 OK in 3ms (Views: 3.0ms | ActiveRecord: 0.0ms | Allocations: 2879)


Started GET "/" for ::1 at 2022-08-04 12:48:16 +0530
Processing by PagesController#home as HTML
  Rendering layout layouts/application.html.erb
  Rendering pages/home.html.erb within layouts/application
  Rendered pages/home.html.erb within layouts/application (Duration: 0.3ms | Allocations: 55)
  Rendered layouts/_navbar.html.erb (Duration: 0.3ms | Allocations: 126)
  Rendered layout layouts/application.html.erb (Duration: 6.6ms | Allocations: 2603)
Completed 200 OK in 8ms (Views: 7.2ms | ActiveRecord: 0.0ms | Allocations: 2876)


Started GET "/about" for ::1 at 2022-08-04 12:48:17 +0530
Processing by PagesController#about as HTML
  Rendering layout layouts/application.html.erb
  Rendering pages/about.html.erb within layouts/application
  Rendered pages/about.html.erb within layouts/application (Duration: 0.2ms | Allocations: 52)
  Rendered layouts/_navbar.html.erb (Duration: 0.1ms | Allocations: 126)
  Rendered layout layouts/application.html.erb (Duration: 2.7ms | Allocations: 2608)
Completed 200 OK in 4ms (Views: 3.2ms | ActiveRecord: 0.0ms | Allocations: 2877)


Started GET "/" for ::1 at 2022-08-04 12:48:18 +0530
Processing by PagesController#home as HTML
  Rendering layout layouts/application.html.erb
  Rendering pages/home.html.erb within layouts/application
  Rendered pages/home.html.erb within layouts/application (Duration: 0.2ms | Allocations: 55)
  Rendered layouts/_navbar.html.erb (Duration: 1.2ms | Allocations: 126)
  Rendered layout layouts/application.html.erb (Duration: 11.0ms | Allocations: 2600)
Completed 200 OK in 15ms (Views: 14.9ms | ActiveRecord: 0.0ms | Allocations: 2873)


Started GET "/" for ::1 at 2022-08-04 12:48:19 +0530
Processing by PagesController#home as HTML
  Rendering layout layouts/application.html.erb
  Rendering pages/home.html.erb within layouts/application
  Rendered pages/home.html.erb within layouts/application (Duration: 0.1ms | Allocations: 55)
  Rendered layouts/_navbar.html.erb (Duration: 0.1ms | Allocations: 126)
  Rendered layout layouts/application.html.erb (Duration: 11.4ms | Allocations: 2608)
Completed 200 OK in 14ms (Views: 13.4ms | ActiveRecord: 0.0ms | Allocations: 2877)


Started GET "/about" for ::1 at 2022-08-04 12:48:20 +0530
Processing by PagesController#about as HTML
  Rendering layout layouts/application.html.erb
  Rendering pages/about.html.erb within layouts/application
  Rendered pages/about.html.erb within layouts/application (Duration: 0.1ms | Allocations: 52)
  Rendered layouts/_navbar.html.erb (Duration: 0.2ms | Allocations: 126)
  Rendered layout layouts/application.html.erb (Duration: 8.5ms | Allocations: 2587)
Completed 200 OK in 11ms (Views: 11.2ms | ActiveRecord: 0.0ms | Allocations: 2856)


Started GET "/" for ::1 at 2022-08-04 12:48:21 +0530
Processing by PagesController#home as HTML
  Rendering layout layouts/application.html.erb
  Rendering pages/home.html.erb within layouts/application
  Rendered pages/home.html.erb within layouts/application (Duration: 0.2ms | Allocations: 55)
  Rendered layouts/_navbar.html.erb (Duration: 0.5ms | Allocations: 126)
  Rendered layout layouts/application.html.erb (Duration: 6.7ms | Allocations: 2614)
Completed 200 OK in 8ms (Views: 7.3ms | ActiveRecord: 0.0ms | Allocations: 2883)


Started GET "/" for ::1 at 2022-08-04 12:48:21 +0530
Processing by PagesController#home as HTML
  Rendering layout layouts/application.html.erb
  Rendering pages/home.html.erb within layouts/application
  Rendered pages/home.html.erb within layouts/application (Duration: 0.5ms | Allocations: 55)
  Rendered layouts/_navbar.html.erb (Duration: 0.3ms | Allocations: 126)
  Rendered layout layouts/application.html.erb (Duration: 6.3ms | Allocations: 2614)
Completed 200 OK in 7ms (Views: 6.7ms | ActiveRecord: 0.0ms | Allocations: 2883)


Started GET "/" for ::1 at 2022-08-04 12:48:23 +0530
Processing by PagesController#home as HTML
  Rendering layout layouts/application.html.erb
  Rendering pages/home.html.erb within layouts/application
  Rendered pages/home.html.erb within layouts/application (Duration: 0.2ms | Allocations: 55)
  Rendered layouts/_navbar.html.erb (Duration: 0.2ms | Allocations: 126)
  Rendered layout layouts/application.html.erb (Duration: 4.0ms | Allocations: 2614)
Completed 200 OK in 5ms (Views: 4.5ms | ActiveRecord: 0.0ms | Allocations: 2884)


Started GET "/" for ::1 at 2022-08-04 12:48:23 +0530
Processing by PagesController#home as HTML
  Rendering layout layouts/application.html.erb
  Rendering pages/home.html.erb within layouts/application
  Rendered pages/home.html.erb within layouts/application (Duration: 0.2ms | Allocations: 55)
  Rendered layouts/_navbar.html.erb (Duration: 0.2ms | Allocations: 126)
  Rendered layout layouts/application.html.erb (Duration: 3.6ms | Allocations: 2611)
Completed 200 OK in 4ms (Views: 4.0ms | ActiveRecord: 0.0ms | Allocations: 2880)


Started GET "/" for ::1 at 2022-08-04 12:48:23 +0530
Processing by PagesController#home as HTML
  Rendering layout layouts/application.html.erb
  Rendering pages/home.html.erb within layouts/application
  Rendered pages/home.html.erb within layouts/application (Duration: 0.2ms | Allocations: 55)
  Rendered layouts/_navbar.html.erb (Duration: 0.2ms | Allocations: 126)
  Rendered layout layouts/application.html.erb (Duration: 5.3ms | Allocations: 2599)
Completed 200 OK in 6ms (Views: 5.8ms | ActiveRecord: 0.0ms | Allocations: 2869)


Started GET "/about" for ::1 at 2022-08-04 12:48:25 +0530
Processing by PagesController#about as HTML
  Rendering layout layouts/application.html.erb
  Rendering pages/about.html.erb within layouts/application
  Rendered pages/about.html.erb within layouts/application (Duration: 0.2ms | Allocations: 52)
  Rendered layouts/_navbar.html.erb (Duration: 0.1ms | Allocations: 126)
  Rendered layout layouts/application.html.erb (Duration: 3.6ms | Allocations: 2594)
Completed 200 OK in 4ms (Views: 4.0ms | ActiveRecord: 0.0ms | Allocations: 2863)


Started GET "/posts" for ::1 at 2022-08-04 12:51:44 +0530
Processing by PostsController#index as HTML
  Rendering layout layouts/application.html.erb
  Rendering posts/index.html.erb within layouts/application
  [1m[36mPost Load (0.1ms)[0m  [1m[34mSELECT "posts".* FROM "posts"[0m
  ↳ app/views/posts/index.html.erb:6
  Rendered posts/_post.html.erb (Duration: 0.5ms | Allocations: 262)
  Rendered posts/_post.html.erb (Duration: 0.0ms | Allocations: 25)
  Rendered posts/_post.html.erb (Duration: 0.0ms | Allocations: 25)
  Rendered posts/_post.html.erb (Duration: 0.0ms | Allocations: 25)
  Rendered posts/_post.html.erb (Duration: 0.0ms | Allocations: 25)
  Rendered posts/_post.html.erb (Duration: 0.0ms | Allocations: 25)
  Rendered posts/_post.html.erb (Duration: 0.0ms | Allocations: 25)
  Rendered posts/_post.html.erb (Duration: 0.0ms | Allocations: 25)
  Rendered posts/_post.html.erb (Duration: 0.0ms | Allocations: 25)
  Rendered posts/_post.html.erb (Duration: 0.0ms | Allocations: 25)
  Rendered posts/index.html.erb within layouts/application (Duration: 7.9ms | Allocations: 7203)
  Rendered layouts/_navbar.html.erb (Duration: 0.1ms | Allocations: 133)
  Rendered layout layouts/application.html.erb (Duration: 10.1ms | Allocations: 9812)
Completed 200 OK in 13ms (Views: 10.6ms | ActiveRecord: 0.4ms | Allocations: 11692)


